<?xml version="1.0" encoding="UTF-8"?>
<testng-results ignored="0" total="1" passed="1" failed="0" skipped="0">
  <reporter-output>
  </reporter-output>
  <suite started-at="2023-09-06T11:36:44 NZST" name="Default suite" finished-at="2023-09-06T11:36:53 NZST" duration-ms="9145">
    <groups>
    </groups>
    <test started-at="2023-09-06T11:36:44 NZST" name="Default test" finished-at="2023-09-06T11:36:53 NZST" duration-ms="9145">
      <class name="testScripts.LoginTC111">
        <test-method signature="login1()[pri:0, instance:testScripts.LoginTC111@5c6648b0]" started-at="2023-09-06T11:36:44 NZST" name="login1" finished-at="2023-09-06T11:36:53 NZST" duration-ms="9079" status="PASS">
          <reporter-output>
          </reporter-output>
        </test-method> <!-- login1 -->
      </class> <!-- testScripts.LoginTC111 -->
    </test> <!-- Default test -->
  </suite> <!-- Default suite -->
</testng-results>
