<?xml version="1.0" encoding="UTF-8"?>
<testng-results ignored="0" total="1" passed="1" failed="0" skipped="0">
  <reporter-output>
  </reporter-output>
  <suite started-at="2023-08-30T10:54:50 IST" name="Default suite" finished-at="2023-08-30T10:54:56 IST" duration-ms="6484">
    <groups>
    </groups>
    <test started-at="2023-08-30T10:54:50 IST" name="Default test" finished-at="2023-08-30T10:54:56 IST" duration-ms="6484">
      <class name="testScripts.LoginTC111">
        <test-method signature="login1()[pri:0, instance:testScripts.LoginTC111@5fd4f8f5]" started-at="2023-08-30T10:54:50 IST" name="login1" finished-at="2023-08-30T10:54:56 IST" duration-ms="6403" status="PASS">
          <reporter-output>
          </reporter-output>
        </test-method> <!-- login1 -->
      </class> <!-- testScripts.LoginTC111 -->
    </test> <!-- Default test -->
  </suite> <!-- Default suite -->
</testng-results>
